<?xml version="1.0" encoding="UTF-8"?>
<testng-results ignored="0" total="1" passed="1" failed="0" skipped="0">
  <reporter-output>
  </reporter-output>
  <suite started-at="2022-08-29T22:47:09 TRT" name="UISuite" finished-at="2022-08-29T22:47:19 TRT" duration-ms="9393">
    <groups>
    </groups>
    <test started-at="2022-08-29T22:47:09 TRT" name="YHT Search Test" finished-at="2022-08-29T22:47:19 TRT" duration-ms="9393">
      <class name="tests.ui.SearchTest">
        <test-method is-config="true" signature="setup()[pri:0, instance:tests.ui.SearchTest@52aa2946]" started-at="2022-08-29T22:47:09 TRT" name="setup" finished-at="2022-08-29T22:47:10 TRT" duration-ms="754" status="PASS">
          <reporter-output>
          </reporter-output>
        </test-method> <!-- setup -->
        <test-method signature="searchTest(java.lang.reflect.Method)[pri:1, instance:tests.ui.SearchTest@52aa2946]" started-at="2022-08-29T22:47:10 TRT" name="searchTest" finished-at="2022-08-29T22:47:18 TRT" duration-ms="8532" status="PASS">
          <params>
            <param index="0">
              <value>
                <![CDATA[public void tests.ui.SearchTest.searchTest(java.lang.reflect.Method)]]>
              </value>
            </param>
          </params>
          <reporter-output>
          </reporter-output>
        </test-method> <!-- searchTest -->
        <test-method is-config="true" signature="teardown()[pri:0, instance:tests.ui.SearchTest@52aa2946]" started-at="2022-08-29T22:47:18 TRT" name="teardown" finished-at="2022-08-29T22:47:19 TRT" duration-ms="90" status="PASS">
          <reporter-output>
          </reporter-output>
        </test-method> <!-- teardown -->
      </class> <!-- tests.ui.SearchTest -->
    </test> <!-- YHT Search Test -->
  </suite> <!-- UISuite -->
</testng-results>
